-------------------------------------------------------------------------------
Test set: com.example.LibrarySystem.LibrarySystemApplicationTests
-------------------------------------------------------------------------------
Tests run: 1, Failures: 0, Errors: 1, Skipped: 0, Time elapsed: 0.16 s <<< FAILURE! - in com.example.LibrarySystem.LibrarySystemApplicationTests
com.example.LibrarySystem.LibrarySystemApplicationTests  Time elapsed: 0.159 s  <<< ERROR!
java.lang.IllegalStateException: Unable to find a @SpringBootConfiguration, you need to use @ContextConfiguration or @SpringBootTest(classes=...) with your test

